<?xml version="1.0" encoding="UTF-8"?>
<!-- Generated by org.testng.reporters.JUnitXMLReporter -->
<testsuite ignored="0" hostname="DESKTOP-N2BC1MI" failures="2" tests="8" name="Test" time="80.859" errors="0" timestamp="21 Sep 2022 09:03:06 GMT">
  <testcase classname="testng.GoogleApplicationWithBeforeAfter" name="@AfterTest cleanUp" time="0.614">
    <failure type="org.openqa.selenium.NoSuchSessionException" message="invalid session id
Build info: version: &amp;apos;3.141.59&amp;apos;, revision: &amp;apos;e82be7d358&amp;apos;, time: &amp;apos;2018-11-14T08:17:03&amp;apos;
System info: host: &amp;apos;DESKTOP-N2BC1MI&amp;apos;, ip: &amp;apos;192.168.10.2&amp;apos;, os.name: &amp;apos;Windows 10&amp;apos;, os.arch: &amp;apos;amd64&amp;apos;, os.version: &amp;apos;10.0&amp;apos;, java.version: &amp;apos;17.0.4.1&amp;apos;
Driver info: org.openqa.selenium.chrome.ChromeDriver
Capabilities {acceptInsecureCerts: false, browserName: chrome, browserVersion: 105.0.5195.127, chrome: {chromedriverVersion: 105.0.5195.52 (412c95e51883..., userDataDir: C:\Users\Admin\AppData\Loca...}, goog:chromeOptions: {debuggerAddress: localhost:51835}, javascriptEnabled: true, networkConnectionEnabled: false, pageLoadStrategy: normal, platform: WINDOWS, platformName: WINDOWS, proxy: Proxy(), setWindowRect: true, strictFileInteractability: false, timeouts: {implicit: 0, pageLoad: 300000, script: 30000}, unhandledPromptBehavior: dismiss and notify, webauthn:extension:credBlob: true, webauthn:extension:largeBlob: true, webauthn:virtualAuthenticators: true}
Session ID: cac13c5c56a95323c4875e6f45866d9c">
      <![CDATA[org.openqa.selenium.NoSuchSessionException: invalid session id
Build info: version: '3.141.59', revision: 'e82be7d358', time: '2018-11-14T08:17:03'
System info: host: 'DESKTOP-N2BC1MI', ip: '192.168.10.2', os.name: 'Windows 10', os.arch: 'amd64', os.version: '10.0', java.version: '17.0.4.1'
Driver info: org.openqa.selenium.chrome.ChromeDriver
Capabilities {acceptInsecureCerts: false, browserName: chrome, browserVersion: 105.0.5195.127, chrome: {chromedriverVersion: 105.0.5195.52 (412c95e51883..., userDataDir: C:\Users\Admin\AppData\Loca...}, goog:chromeOptions: {debuggerAddress: localhost:51835}, javascriptEnabled: true, networkConnectionEnabled: false, pageLoadStrategy: normal, platform: WINDOWS, platformName: WINDOWS, proxy: Proxy(), setWindowRect: true, strictFileInteractability: false, timeouts: {implicit: 0, pageLoad: 300000, script: 30000}, unhandledPromptBehavior: dismiss and notify, webauthn:extension:credBlob: true, webauthn:extension:largeBlob: true, webauthn:virtualAuthenticators: true}
Session ID: cac13c5c56a95323c4875e6f45866d9c
at org.openqa.selenium.remote.http.W3CHttpResponseCodec.createException(W3CHttpResponseCodec.java:187)
at org.openqa.selenium.remote.http.W3CHttpResponseCodec.decode(W3CHttpResponseCodec.java:122)
at org.openqa.selenium.remote.http.W3CHttpResponseCodec.decode(W3CHttpResponseCodec.java:49)
at org.openqa.selenium.remote.HttpCommandExecutor.execute(HttpCommandExecutor.java:158)
at org.openqa.selenium.remote.service.DriverCommandExecutor.execute(DriverCommandExecutor.java:83)
at org.openqa.selenium.remote.RemoteWebDriver.execute(RemoteWebDriver.java:552)
at org.openqa.selenium.remote.RemoteWebDriver.execute(RemoteWebDriver.java:609)
at org.openqa.selenium.remote.RemoteWebDriver.close(RemoteWebDriver.java:442)
at utility.SeleniumUtility.tearDown(SeleniumUtility.java:164)
at testng.GoogleApplicationWithBeforeAfter.cleanUp(GoogleApplicationWithBeforeAfter.java:56)
... Removed 29 stack frames]]>
    </failure>
  </testcase> <!-- @AfterTest cleanUp -->
  <testcase classname="testng.GoogleApplicationWithBeforeAfter" name="testReportsPage" time="3.689">
    <failure type="java.lang.AssertionError" message="Reports page not opened or its title got changed expected [Informes] but found [Reports]">
      <![CDATA[java.lang.AssertionError: Reports page not opened or its title got changed expected [Informes] but found [Reports]
at testng.GoogleApplicationWithBeforeAfter.testReportsPage(GoogleApplicationWithBeforeAfter.java:42)
... Removed 30 stack frames]]>
    </failure>
  </testcase> <!-- testReportsPage -->
  <testcase classname="testng.GoogleApplicationWithBeforeAfter" name="testVtigerHomePage" time="0.103">
    <failure type="java.lang.AssertionError" message="Vtiger home page not opened or its title got changed expected [Tablero] but found [Dashboard]">
      <![CDATA[java.lang.AssertionError: Vtiger home page not opened or its title got changed expected [Tablero] but found [Dashboard]
at testng.GoogleApplicationWithBeforeAfter.testVtigerHomePage(GoogleApplicationWithBeforeAfter.java:34)
... Removed 30 stack frames]]>
    </failure>
  </testcase> <!-- testVtigerHomePage -->
  <testcase classname="testng.Example1" name="example" time="0.017"/>
  <testcase classname="testng.Example2" name="testcase1" time="0.003"/>
  <testcase classname="testng.Example2" name="testcase2" time="0.007"/>
  <testcase classname="testng.Example2" name="testcase3" time="0.002"/>
  <testcase classname="testng.Example2" name="testcase4" time="0.002"/>
  <testcase classname="testng.FirstTestNgWebScript" name="testCase1" time="25.993"/>
</testsuite> <!-- Test -->
